<?xml version="1.0" encoding="UTF-8"?>
<robot generator="Robot 7.3.2 (Python 3.12.3 on linux)" generated="2025-11-17T12:56:15.671711" rpa="false" schemaversion="5">
<suite id="s1" name="Tests" source="/home/hakoanna/ohtu/palautusrepositorio/viikko3/login/src/tests">
<suite id="s1-s1" name="Home" source="/home/hakoanna/ohtu/palautusrepositorio/viikko3/login/src/tests/home.robot">
<kw name="Open And Configure Browser" owner="resource" type="SETUP">
<if>
<branch type="IF" condition="$BROWSER == 'chrome'">
<kw name="Evaluate" owner="BuiltIn">
<var>${options}</var>
<arg>sys.modules['selenium.webdriver'].ChromeOptions()</arg>
<arg>sys</arg>
<doc>Evaluates the given expression in Python and returns the result.</doc>
<status status="NOT RUN" start="2025-11-17T12:56:15.888692" elapsed="0.000066"/>
</kw>
<kw name="Call Method" owner="BuiltIn">
<arg>${options}</arg>
<arg>add_argument</arg>
<arg>--incognito</arg>
<doc>Calls the named method of the given object with the provided arguments.</doc>
<status status="NOT RUN" start="2025-11-17T12:56:15.888963" elapsed="0.000039"/>
</kw>
<status status="NOT RUN" start="2025-11-17T12:56:15.887857" elapsed="0.001208"/>
</branch>
<branch type="ELSE IF" condition="$BROWSER == 'firefox'">
<kw name="Evaluate" owner="BuiltIn">
<msg time="2025-11-17T12:56:15.890133" level="INFO">${options} = &lt;selenium.webdriver.firefox.options.Options object at 0x7e1f53d1d6d0&gt;</msg>
<var>${options}</var>
<arg>sys.modules['selenium.webdriver'].FirefoxOptions()</arg>
<arg>sys</arg>
<doc>Evaluates the given expression in Python and returns the result.</doc>
<status status="PASS" start="2025-11-17T12:56:15.889402" elapsed="0.000818"/>
</kw>
<kw name="Call Method" owner="BuiltIn">
<arg>${options}</arg>
<arg>add_argument</arg>
<arg>--private-window</arg>
<doc>Calls the named method of the given object with the provided arguments.</doc>
<status status="PASS" start="2025-11-17T12:56:15.890504" elapsed="0.000308"/>
</kw>
<status status="PASS" start="2025-11-17T12:56:15.889129" elapsed="0.001769"/>
</branch>
<status status="PASS" start="2025-11-17T12:56:15.887816" elapsed="0.003164"/>
</if>
<if>
<branch type="IF" condition="$HEADLESS == 'true'">
<kw name="Set Selenium Speed" owner="SeleniumLibrary">
<arg>0.05 seconds</arg>
<doc>Sets the delay that is waited after each Selenium command.</doc>
<status status="NOT RUN" start="2025-11-17T12:56:15.891483" elapsed="0.000051"/>
</kw>
<kw name="Call Method" owner="BuiltIn">
<arg>${options}</arg>
<arg>add_argument</arg>
<arg>--headless</arg>
<doc>Calls the named method of the given object with the provided arguments.</doc>
<status status="NOT RUN" start="2025-11-17T12:56:15.892047" elapsed="0.000052"/>
</kw>
<status status="NOT RUN" start="2025-11-17T12:56:15.891120" elapsed="0.001043"/>
</branch>
<branch type="ELSE">
<kw name="Set Selenium Speed" owner="SeleniumLibrary">
<arg>${DELAY}</arg>
<doc>Sets the delay that is waited after each Selenium command.</doc>
<status status="PASS" start="2025-11-17T12:56:15.892412" elapsed="0.000395"/>
</kw>
<status status="PASS" start="2025-11-17T12:56:15.892247" elapsed="0.000638"/>
</branch>
<status status="PASS" start="2025-11-17T12:56:15.891087" elapsed="0.001849"/>
</if>
<kw name="Open Browser" owner="SeleniumLibrary">
<msg time="2025-11-17T12:56:15.893478" level="INFO">Opening browser 'firefox' to base url 'None'.</msg>
<arg>browser=${BROWSER}</arg>
<arg>options=${options}</arg>
<doc>Opens a new browser instance to the optional ``url``.</doc>
<status status="PASS" start="2025-11-17T12:56:15.893087" elapsed="3.235874"/>
</kw>
<status status="PASS" start="2025-11-17T12:56:15.887526" elapsed="3.241773"/>
</kw>
<test id="s1-s1-t1" name="Click Login Link" line="8">
<kw name="Reset Application And Go To Starting Page" type="SETUP">
<kw name="Reset Application" owner="AppLibrary">
<status status="PASS" start="2025-11-17T12:56:19.132222" elapsed="0.007213"/>
</kw>
<kw name="Go To Starting Page" owner="resource">
<kw name="Go To" owner="SeleniumLibrary">
<msg time="2025-11-17T12:56:19.141361" level="INFO">Opening url 'http://localhost:5001'</msg>
<arg>${HOME_URL}</arg>
<doc>Navigates the current browser window to the provided ``url``.</doc>
<status status="PASS" start="2025-11-17T12:56:19.140932" elapsed="0.614652"/>
</kw>
<status status="PASS" start="2025-11-17T12:56:19.140073" elapsed="0.615749"/>
</kw>
<status status="PASS" start="2025-11-17T12:56:19.131426" elapsed="0.624505"/>
</kw>
<kw name="Click Link" owner="SeleniumLibrary">
<msg time="2025-11-17T12:56:19.756952" level="INFO">Clicking link 'Login'.</msg>
<arg>Login</arg>
<doc>Clicks a link identified by ``locator``.</doc>
<status status="PASS" start="2025-11-17T12:56:19.756308" elapsed="1.668011"/>
</kw>
<kw name="Login Page Should Be Open" owner="resource">
<kw name="Title Should Be" owner="SeleniumLibrary">
<msg time="2025-11-17T12:56:21.931854" level="INFO">Page title is 'Login'.</msg>
<arg>Login</arg>
<doc>Verifies that the current page title equals ``title``.</doc>
<status status="PASS" start="2025-11-17T12:56:21.426235" elapsed="0.505993"/>
</kw>
<status status="PASS" start="2025-11-17T12:56:21.425422" elapsed="0.507086"/>
</kw>
<status status="PASS" start="2025-11-17T12:56:19.129505" elapsed="2.803466"/>
</test>
<test id="s1-s1-t2" name="Click Register Link" line="12">
<kw name="Reset Application And Go To Starting Page" type="SETUP">
<kw name="Reset Application" owner="AppLibrary">
<status status="PASS" start="2025-11-17T12:56:21.934974" elapsed="0.006038"/>
</kw>
<kw name="Go To Starting Page" owner="resource">
<kw name="Go To" owner="SeleniumLibrary">
<msg time="2025-11-17T12:56:21.943037" level="INFO">Opening url 'http://localhost:5001'</msg>
<arg>${HOME_URL}</arg>
<doc>Navigates the current browser window to the provided ``url``.</doc>
<status status="PASS" start="2025-11-17T12:56:21.942596" elapsed="0.543098"/>
</kw>
<status status="PASS" start="2025-11-17T12:56:21.941699" elapsed="0.544389"/>
</kw>
<status status="PASS" start="2025-11-17T12:56:21.934432" elapsed="0.551912"/>
</kw>
<kw name="Click Link" owner="SeleniumLibrary">
<msg time="2025-11-17T12:56:22.488015" level="INFO">Clicking link 'Register new user'.</msg>
<arg>Register new user</arg>
<doc>Clicks a link identified by ``locator``.</doc>
<status status="PASS" start="2025-11-17T12:56:22.487429" elapsed="1.574313"/>
</kw>
<kw name="Register Page Should Be Open" owner="resource">
<kw name="Title Should Be" owner="SeleniumLibrary">
<msg time="2025-11-17T12:56:24.568154" level="INFO">Page title is 'Register'.</msg>
<arg>Register</arg>
<doc>Verifies that the current page title equals ``title``.</doc>
<status status="PASS" start="2025-11-17T12:56:24.063491" elapsed="0.505496"/>
</kw>
<status status="PASS" start="2025-11-17T12:56:24.062699" elapsed="0.506800"/>
</kw>
<status status="PASS" start="2025-11-17T12:56:21.933643" elapsed="2.636495"/>
</test>
<kw name="Close Browser" owner="SeleniumLibrary" type="TEARDOWN">
<doc>Closes the current browser.</doc>
<status status="PASS" start="2025-11-17T12:56:24.571730" elapsed="1.508697"/>
</kw>
<status status="PASS" start="2025-11-17T12:56:15.703065" elapsed="10.377475"/>
</suite>
<suite id="s1-s2" name="Login" source="/home/hakoanna/ohtu/palautusrepositorio/viikko3/login/src/tests/login.robot">
<kw name="Open And Configure Browser" owner="resource" type="SETUP">
<if>
<branch type="IF" condition="$BROWSER == 'chrome'">
<kw name="Evaluate" owner="BuiltIn">
<var>${options}</var>
<arg>sys.modules['selenium.webdriver'].ChromeOptions()</arg>
<arg>sys</arg>
<doc>Evaluates the given expression in Python and returns the result.</doc>
<status status="NOT RUN" start="2025-11-17T12:56:26.085007" elapsed="0.000043"/>
</kw>
<kw name="Call Method" owner="BuiltIn">
<arg>${options}</arg>
<arg>add_argument</arg>
<arg>--incognito</arg>
<doc>Calls the named method of the given object with the provided arguments.</doc>
<status status="NOT RUN" start="2025-11-17T12:56:26.085193" elapsed="0.000054"/>
</kw>
<status status="NOT RUN" start="2025-11-17T12:56:26.084686" elapsed="0.000614"/>
</branch>
<branch type="ELSE IF" condition="$BROWSER == 'firefox'">
<kw name="Evaluate" owner="BuiltIn">
<msg time="2025-11-17T12:56:26.085975" level="INFO">${options} = &lt;selenium.webdriver.firefox.options.Options object at 0x7e1f53a9d190&gt;</msg>
<var>${options}</var>
<arg>sys.modules['selenium.webdriver'].FirefoxOptions()</arg>
<arg>sys</arg>
<doc>Evaluates the given expression in Python and returns the result.</doc>
<status status="PASS" start="2025-11-17T12:56:26.085567" elapsed="0.000614"/>
</kw>
<kw name="Call Method" owner="BuiltIn">
<arg>${options}</arg>
<arg>add_argument</arg>
<arg>--private-window</arg>
<doc>Calls the named method of the given object with the provided arguments.</doc>
<status status="PASS" start="2025-11-17T12:56:26.086465" elapsed="0.000275"/>
</kw>
<status status="PASS" start="2025-11-17T12:56:26.085354" elapsed="0.001453"/>
</branch>
<status status="PASS" start="2025-11-17T12:56:26.084653" elapsed="0.002211"/>
</if>
<if>
<branch type="IF" condition="$HEADLESS == 'true'">
<kw name="Set Selenium Speed" owner="SeleniumLibrary">
<arg>0.05 seconds</arg>
<doc>Sets the delay that is waited after each Selenium command.</doc>
<status status="NOT RUN" start="2025-11-17T12:56:26.087256" elapsed="0.000037"/>
</kw>
<kw name="Call Method" owner="BuiltIn">
<arg>${options}</arg>
<arg>add_argument</arg>
<arg>--headless</arg>
<doc>Calls the named method of the given object with the provided arguments.</doc>
<status status="NOT RUN" start="2025-11-17T12:56:26.087411" elapsed="0.000031"/>
</kw>
<status status="NOT RUN" start="2025-11-17T12:56:26.086957" elapsed="0.000532"/>
</branch>
<branch type="ELSE">
<kw name="Set Selenium Speed" owner="SeleniumLibrary">
<arg>${DELAY}</arg>
<doc>Sets the delay that is waited after each Selenium command.</doc>
<status status="PASS" start="2025-11-17T12:56:26.087643" elapsed="0.000340"/>
</kw>
<status status="PASS" start="2025-11-17T12:56:26.087532" elapsed="0.000511"/>
</branch>
<status status="PASS" start="2025-11-17T12:56:26.086930" elapsed="0.001159"/>
</if>
<kw name="Open Browser" owner="SeleniumLibrary">
<msg time="2025-11-17T12:56:26.088558" level="INFO">Opening browser 'firefox' to base url 'None'.</msg>
<arg>browser=${BROWSER}</arg>
<arg>options=${options}</arg>
<doc>Opens a new browser instance to the optional ``url``.</doc>
<status status="PASS" start="2025-11-17T12:56:26.088237" elapsed="3.163302"/>
</kw>
<status status="PASS" start="2025-11-17T12:56:26.084456" elapsed="3.167362"/>
</kw>
<test id="s1-s2-t1" name="Login With Correct Credentials" line="8">
<kw name="Reset Application Create User And Go To Login Page" type="SETUP">
<kw name="Reset Application" owner="AppLibrary">
<status status="PASS" start="2025-11-17T12:56:29.253448" elapsed="0.004978"/>
</kw>
<kw name="Create User" owner="AppLibrary">
<arg>kalle</arg>
<arg>kalle123</arg>
<status status="PASS" start="2025-11-17T12:56:29.258862" elapsed="0.017058"/>
</kw>
<kw name="Go To Login Page" owner="resource">
<kw name="Go To" owner="SeleniumLibrary">
<msg time="2025-11-17T12:56:29.278325" level="INFO">Opening url 'http://localhost:5001/login'</msg>
<arg>${LOGIN_URL}</arg>
<doc>Navigates the current browser window to the provided ``url``.</doc>
<status status="PASS" start="2025-11-17T12:56:29.277664" elapsed="0.640324"/>
</kw>
<status status="PASS" start="2025-11-17T12:56:29.276674" elapsed="0.641552"/>
</kw>
<status status="PASS" start="2025-11-17T12:56:29.252893" elapsed="0.665441"/>
</kw>
<kw name="Set Username">
<kw name="Input Text" owner="SeleniumLibrary">
<msg time="2025-11-17T12:56:29.919706" level="INFO">Typing text 'kalle' into text field 'username'.</msg>
<arg>username</arg>
<arg>${username}</arg>
<doc>Types the given ``text`` into the text field identified by ``locator``.</doc>
<status status="PASS" start="2025-11-17T12:56:29.919296" elapsed="1.612231"/>
</kw>
<arg>kalle</arg>
<status status="PASS" start="2025-11-17T12:56:29.918732" elapsed="1.613200"/>
</kw>
<kw name="Set Password">
<kw name="Input Password" owner="SeleniumLibrary">
<msg time="2025-11-17T12:56:31.534386" level="INFO">Typing password into text field 'password'.</msg>
<msg time="2025-11-17T12:56:32.551339" level="INFO">Temporally setting log level to: NONE</msg>
<arg>password</arg>
<arg>${password}</arg>
<doc>Types the given password into the text field identified by ``locator``.</doc>
<status status="PASS" start="2025-11-17T12:56:31.533649" elapsed="1.538260"/>
</kw>
<arg>kalle123</arg>
<status status="PASS" start="2025-11-17T12:56:31.532647" elapsed="1.539668"/>
</kw>
<kw name="Click Button" owner="SeleniumLibrary">
<msg time="2025-11-17T12:56:33.073307" level="INFO">Clicking button 'Login'.</msg>
<arg>Login</arg>
<doc>Clicks the button identified by ``locator``.</doc>
<status status="PASS" start="2025-11-17T12:56:33.072809" elapsed="2.099612"/>
</kw>
<kw name="Login Should Succeed">
<kw name="Main Page Should Be Open" owner="resource">
<kw name="Title Should Be" owner="SeleniumLibrary">
<msg time="2025-11-17T12:56:35.681473" level="INFO">Page title is 'Ohtu Application main page'.</msg>
<arg>Ohtu Application main page</arg>
<doc>Verifies that the current page title equals ``title``.</doc>
<status status="PASS" start="2025-11-17T12:56:35.175965" elapsed="0.505813"/>
</kw>
<status status="PASS" start="2025-11-17T12:56:35.174712" elapsed="0.507328"/>
</kw>
<status status="PASS" start="2025-11-17T12:56:35.173331" elapsed="0.508897"/>
</kw>
<status status="PASS" start="2025-11-17T12:56:29.252011" elapsed="6.430820"/>
</test>
<test id="s1-s2-t2" name="Login With Incorrect Password" line="14">
<kw name="Reset Application Create User And Go To Login Page" type="SETUP">
<kw name="Reset Application" owner="AppLibrary">
<status status="PASS" start="2025-11-17T12:56:35.685327" elapsed="0.005655"/>
</kw>
<kw name="Create User" owner="AppLibrary">
<arg>kalle</arg>
<arg>kalle123</arg>
<status status="PASS" start="2025-11-17T12:56:35.691490" elapsed="0.008543"/>
</kw>
<kw name="Go To Login Page" owner="resource">
<kw name="Go To" owner="SeleniumLibrary">
<msg time="2025-11-17T12:56:35.701439" level="INFO">Opening url 'http://localhost:5001/login'</msg>
<arg>${LOGIN_URL}</arg>
<doc>Navigates the current browser window to the provided ``url``.</doc>
<status status="PASS" start="2025-11-17T12:56:35.701092" elapsed="0.534240"/>
</kw>
<status status="PASS" start="2025-11-17T12:56:35.700496" elapsed="0.535659"/>
</kw>
<status status="PASS" start="2025-11-17T12:56:35.684638" elapsed="0.551745"/>
</kw>
<kw name="Set Username">
<kw name="Input Text" owner="SeleniumLibrary">
<msg time="2025-11-17T12:56:36.238245" level="INFO">Typing text 'kalle' into text field 'username'.</msg>
<arg>username</arg>
<arg>${username}</arg>
<doc>Types the given ``text`` into the text field identified by ``locator``.</doc>
<status status="PASS" start="2025-11-17T12:56:36.237722" elapsed="1.540761"/>
</kw>
<arg>kalle</arg>
<status status="PASS" start="2025-11-17T12:56:36.236974" elapsed="1.541876"/>
</kw>
<kw name="Set Password">
<kw name="Input Password" owner="SeleniumLibrary">
<msg time="2025-11-17T12:56:37.781482" level="INFO">Typing password into text field 'password'.</msg>
<msg time="2025-11-17T12:56:38.799780" level="INFO">Temporally setting log level to: NONE</msg>
<arg>password</arg>
<arg>${password}</arg>
<doc>Types the given password into the text field identified by ``locator``.</doc>
<status status="PASS" start="2025-11-17T12:56:37.780374" elapsed="1.536753"/>
</kw>
<arg>kalle456</arg>
<status status="PASS" start="2025-11-17T12:56:37.779495" elapsed="1.538131"/>
</kw>
<kw name="Click Button" owner="SeleniumLibrary">
<msg time="2025-11-17T12:56:39.318873" level="INFO">Clicking button 'Login'.</msg>
<arg>Login</arg>
<doc>Clicks the button identified by ``locator``.</doc>
<status status="PASS" start="2025-11-17T12:56:39.318296" elapsed="2.078469"/>
</kw>
<kw name="Login Should Fail With Message">
<kw name="Login Page Should Be Open" owner="resource">
<kw name="Title Should Be" owner="SeleniumLibrary">
<msg time="2025-11-17T12:56:41.903289" level="INFO">Page title is 'Login'.</msg>
<arg>Login</arg>
<doc>Verifies that the current page title equals ``title``.</doc>
<status status="PASS" start="2025-11-17T12:56:41.398823" elapsed="0.504932"/>
</kw>
<status status="PASS" start="2025-11-17T12:56:41.398330" elapsed="0.505756"/>
</kw>
<kw name="Page Should Contain" owner="SeleniumLibrary">
<msg time="2025-11-17T12:56:42.923045" level="INFO">Current page contains text 'Invalid username or password'.</msg>
<arg>${message}</arg>
<doc>Verifies that current page contains ``text``.</doc>
<status status="PASS" start="2025-11-17T12:56:41.904733" elapsed="1.018766"/>
</kw>
<arg>Invalid username or password</arg>
<status status="PASS" start="2025-11-17T12:56:41.397603" elapsed="1.526191"/>
</kw>
<status status="PASS" start="2025-11-17T12:56:35.683589" elapsed="7.240846"/>
</test>
<test id="s1-s2-t3" name="Login With Nonexistent Username" line="20">
<kw name="Reset Application Create User And Go To Login Page" type="SETUP">
<kw name="Reset Application" owner="AppLibrary">
<status status="PASS" start="2025-11-17T12:56:42.926683" elapsed="0.005943"/>
</kw>
<kw name="Create User" owner="AppLibrary">
<arg>kalle</arg>
<arg>kalle123</arg>
<status status="PASS" start="2025-11-17T12:56:42.933020" elapsed="0.009583"/>
</kw>
<kw name="Go To Login Page" owner="resource">
<kw name="Go To" owner="SeleniumLibrary">
<msg time="2025-11-17T12:56:42.943707" level="INFO">Opening url 'http://localhost:5001/login'</msg>
<arg>${LOGIN_URL}</arg>
<doc>Navigates the current browser window to the provided ``url``.</doc>
<status status="PASS" start="2025-11-17T12:56:42.943460" elapsed="0.527658"/>
</kw>
<status status="PASS" start="2025-11-17T12:56:42.942981" elapsed="0.528544"/>
</kw>
<status status="PASS" start="2025-11-17T12:56:42.926150" elapsed="0.545524"/>
</kw>
<kw name="Set Username">
<kw name="Input Text" owner="SeleniumLibrary">
<msg time="2025-11-17T12:56:43.474145" level="INFO">Typing text 'maija' into text field 'username'.</msg>
<arg>username</arg>
<arg>${username}</arg>
<doc>Types the given ``text`` into the text field identified by ``locator``.</doc>
<status status="PASS" start="2025-11-17T12:56:43.473592" elapsed="1.544503"/>
</kw>
<arg>maija</arg>
<status status="PASS" start="2025-11-17T12:56:43.472302" elapsed="1.546353"/>
</kw>
<kw name="Set Password">
<kw name="Input Password" owner="SeleniumLibrary">
<msg time="2025-11-17T12:56:45.020735" level="INFO">Typing password into text field 'password'.</msg>
<msg time="2025-11-17T12:56:46.031951" level="INFO">Temporally setting log level to: NONE</msg>
<arg>password</arg>
<arg>${password}</arg>
<doc>Types the given password into the text field identified by ``locator``.</doc>
<status status="PASS" start="2025-11-17T12:56:45.020215" elapsed="1.533467"/>
</kw>
<arg>maija123</arg>
<status status="PASS" start="2025-11-17T12:56:45.019365" elapsed="1.534663"/>
</kw>
<kw name="Click Button" owner="SeleniumLibrary">
<msg time="2025-11-17T12:56:46.555041" level="INFO">Clicking button 'Login'.</msg>
<arg>Login</arg>
<doc>Clicks the button identified by ``locator``.</doc>
<status status="PASS" start="2025-11-17T12:56:46.554537" elapsed="2.076568"/>
</kw>
<kw name="Login Should Fail With Message">
<kw name="Login Page Should Be Open" owner="resource">
<kw name="Title Should Be" owner="SeleniumLibrary">
<msg time="2025-11-17T12:56:49.138498" level="INFO">Page title is 'Login'.</msg>
<arg>Login</arg>
<doc>Verifies that the current page title equals ``title``.</doc>
<status status="PASS" start="2025-11-17T12:56:48.633910" elapsed="0.504948"/>
</kw>
<status status="PASS" start="2025-11-17T12:56:48.633405" elapsed="0.505774"/>
</kw>
<kw name="Page Should Contain" owner="SeleniumLibrary">
<msg time="2025-11-17T12:56:50.154067" level="INFO">Current page contains text 'Invalid username or password'.</msg>
<arg>${message}</arg>
<doc>Verifies that current page contains ``text``.</doc>
<status status="PASS" start="2025-11-17T12:56:49.139736" elapsed="1.015113"/>
</kw>
<arg>Invalid username or password</arg>
<status status="PASS" start="2025-11-17T12:56:48.632440" elapsed="1.522810"/>
</kw>
<status status="PASS" start="2025-11-17T12:56:42.925281" elapsed="7.230396"/>
</test>
<kw name="Close Browser" owner="SeleniumLibrary" type="TEARDOWN">
<doc>Closes the current browser.</doc>
<status status="PASS" start="2025-11-17T12:56:50.157015" elapsed="1.483369"/>
</kw>
<status status="PASS" start="2025-11-17T12:56:26.081254" elapsed="25.559317"/>
</suite>
<suite id="s1-s3" name="Register" source="/home/hakoanna/ohtu/palautusrepositorio/viikko3/login/src/tests/register.robot">
<kw name="Open And Configure Browser" owner="resource" type="SETUP">
<if>
<branch type="IF" condition="$BROWSER == 'chrome'">
<kw name="Evaluate" owner="BuiltIn">
<var>${options}</var>
<arg>sys.modules['selenium.webdriver'].ChromeOptions()</arg>
<arg>sys</arg>
<doc>Evaluates the given expression in Python and returns the result.</doc>
<status status="NOT RUN" start="2025-11-17T12:56:51.648371" elapsed="0.000062"/>
</kw>
<kw name="Call Method" owner="BuiltIn">
<arg>${options}</arg>
<arg>add_argument</arg>
<arg>--incognito</arg>
<doc>Calls the named method of the given object with the provided arguments.</doc>
<status status="NOT RUN" start="2025-11-17T12:56:51.648621" elapsed="0.000040"/>
</kw>
<status status="NOT RUN" start="2025-11-17T12:56:51.647814" elapsed="0.000911"/>
</branch>
<branch type="ELSE IF" condition="$BROWSER == 'firefox'">
<kw name="Evaluate" owner="BuiltIn">
<msg time="2025-11-17T12:56:51.649519" level="INFO">${options} = &lt;selenium.webdriver.firefox.options.Options object at 0x7e1f53a9d910&gt;</msg>
<var>${options}</var>
<arg>sys.modules['selenium.webdriver'].FirefoxOptions()</arg>
<arg>sys</arg>
<doc>Evaluates the given expression in Python and returns the result.</doc>
<status status="PASS" start="2025-11-17T12:56:51.649071" elapsed="0.000498"/>
</kw>
<kw name="Call Method" owner="BuiltIn">
<arg>${options}</arg>
<arg>add_argument</arg>
<arg>--private-window</arg>
<doc>Calls the named method of the given object with the provided arguments.</doc>
<status status="PASS" start="2025-11-17T12:56:51.649733" elapsed="0.000212"/>
</kw>
<status status="PASS" start="2025-11-17T12:56:51.648789" elapsed="0.001223"/>
</branch>
<status status="PASS" start="2025-11-17T12:56:51.647764" elapsed="0.002307"/>
</if>
<if>
<branch type="IF" condition="$HEADLESS == 'true'">
<kw name="Set Selenium Speed" owner="SeleniumLibrary">
<arg>0.05 seconds</arg>
<doc>Sets the delay that is waited after each Selenium command.</doc>
<status status="NOT RUN" start="2025-11-17T12:56:51.650438" elapsed="0.000041"/>
</kw>
<kw name="Call Method" owner="BuiltIn">
<arg>${options}</arg>
<arg>add_argument</arg>
<arg>--headless</arg>
<doc>Calls the named method of the given object with the provided arguments.</doc>
<status status="NOT RUN" start="2025-11-17T12:56:51.650606" elapsed="0.000034"/>
</kw>
<status status="NOT RUN" start="2025-11-17T12:56:51.650155" elapsed="0.000538"/>
</branch>
<branch type="ELSE">
<kw name="Set Selenium Speed" owner="SeleniumLibrary">
<arg>${DELAY}</arg>
<doc>Sets the delay that is waited after each Selenium command.</doc>
<status status="PASS" start="2025-11-17T12:56:51.650873" elapsed="0.000362"/>
</kw>
<status status="PASS" start="2025-11-17T12:56:51.650742" elapsed="0.000559"/>
</branch>
<status status="PASS" start="2025-11-17T12:56:51.650131" elapsed="0.001222"/>
</if>
<kw name="Open Browser" owner="SeleniumLibrary">
<msg time="2025-11-17T12:56:51.651880" level="INFO">Opening browser 'firefox' to base url 'None'.</msg>
<arg>browser=${BROWSER}</arg>
<arg>options=${options}</arg>
<doc>Opens a new browser instance to the optional ``url``.</doc>
<status status="PASS" start="2025-11-17T12:56:51.651521" elapsed="3.163084"/>
</kw>
<status status="PASS" start="2025-11-17T12:56:51.647338" elapsed="3.167667"/>
</kw>
<test id="s1-s3-t1" name="Register With Valid Username And Password" line="9">
<kw name="Reset Application Create User And Go To Register Page" type="SETUP">
<kw name="Reset Application" owner="AppLibrary">
<status status="PASS" start="2025-11-17T12:56:54.816811" elapsed="0.004793"/>
</kw>
<kw name="Create User" owner="AppLibrary">
<arg>kalle</arg>
<arg>kalle123</arg>
<status status="PASS" start="2025-11-17T12:56:54.821962" elapsed="0.010277"/>
</kw>
<kw name="Go To Register Page" owner="resource">
<kw name="Go To" owner="SeleniumLibrary">
<msg time="2025-11-17T12:56:54.833799" level="INFO">Opening url 'http://localhost:5001/register'</msg>
<arg>${REGISTER_URL}</arg>
<doc>Navigates the current browser window to the provided ``url``.</doc>
<status status="PASS" start="2025-11-17T12:56:54.833295" elapsed="0.618465"/>
</kw>
<status status="PASS" start="2025-11-17T12:56:54.832709" elapsed="0.619277"/>
</kw>
<status status="PASS" start="2025-11-17T12:56:54.816215" elapsed="0.635881"/>
</kw>
<kw name="Set Username">
<kw name="Input Text" owner="SeleniumLibrary">
<msg time="2025-11-17T12:56:55.453482" level="INFO">Typing text 'maija' into text field 'username'.</msg>
<arg>username</arg>
<arg>${username}</arg>
<doc>Types the given ``text`` into the text field identified by ``locator``.</doc>
<status status="PASS" start="2025-11-17T12:56:55.453113" elapsed="1.617210"/>
</kw>
<arg>maija</arg>
<status status="PASS" start="2025-11-17T12:56:55.452588" elapsed="1.618474"/>
</kw>
<kw name="Set Password">
<kw name="Input Password" owner="SeleniumLibrary">
<msg time="2025-11-17T12:56:57.072871" level="INFO">Typing password into text field 'password'.</msg>
<msg time="2025-11-17T12:56:58.087248" level="INFO">Temporally setting log level to: NONE</msg>
<arg>password</arg>
<arg>${password}</arg>
<doc>Types the given password into the text field identified by ``locator``.</doc>
<status status="PASS" start="2025-11-17T12:56:57.072418" elapsed="1.532755"/>
</kw>
<arg>maija123</arg>
<status status="PASS" start="2025-11-17T12:56:57.071697" elapsed="1.534353"/>
</kw>
<kw name="Set Password confirmation">
<kw name="Input Password" owner="SeleniumLibrary">
<msg time="2025-11-17T12:56:58.608088" level="INFO">Typing password into text field 'password_confirmation'.</msg>
<msg time="2025-11-17T12:56:59.622639" level="INFO">Temporally setting log level to: NONE</msg>
<arg>password_confirmation</arg>
<arg>${password_confirmation}</arg>
<doc>Types the given password into the text field identified by ``locator``.</doc>
<status status="PASS" start="2025-11-17T12:56:58.607604" elapsed="1.532249"/>
</kw>
<arg>maija123</arg>
<status status="PASS" start="2025-11-17T12:56:58.606814" elapsed="1.533370"/>
</kw>
<kw name="Click Button" owner="SeleniumLibrary">
<msg time="2025-11-17T12:57:00.141223" level="INFO">Clicking button 'Register'.</msg>
<arg>Register</arg>
<doc>Clicks the button identified by ``locator``.</doc>
<status status="PASS" start="2025-11-17T12:57:00.140677" elapsed="2.088338"/>
</kw>
<kw name="Register Should Succeed">
<kw name="Welcome Page Should Be Open" owner="resource">
<kw name="Title Should Be" owner="SeleniumLibrary">
<msg time="2025-11-17T12:57:02.736777" level="INFO">Page title is 'Welcome to Ohtu Application!'.</msg>
<arg>Welcome to Ohtu Application!</arg>
<doc>Verifies that the current page title equals ``title``.</doc>
<status status="PASS" start="2025-11-17T12:57:02.231080" elapsed="0.506066"/>
</kw>
<status status="PASS" start="2025-11-17T12:57:02.230621" elapsed="0.507292"/>
</kw>
<status status="PASS" start="2025-11-17T12:57:02.229872" elapsed="0.508319"/>
</kw>
<status status="PASS" start="2025-11-17T12:56:54.815228" elapsed="7.923428"/>
</test>
<test id="s1-s3-t2" name="Register With Too Short Username And Valid Password" line="16">
<kw name="Reset Application Create User And Go To Register Page" type="SETUP">
<kw name="Reset Application" owner="AppLibrary">
<status status="PASS" start="2025-11-17T12:57:02.740484" elapsed="0.005493"/>
</kw>
<kw name="Create User" owner="AppLibrary">
<arg>kalle</arg>
<arg>kalle123</arg>
<status status="PASS" start="2025-11-17T12:57:02.746451" elapsed="0.009572"/>
</kw>
<kw name="Go To Register Page" owner="resource">
<kw name="Go To" owner="SeleniumLibrary">
<msg time="2025-11-17T12:57:02.757505" level="INFO">Opening url 'http://localhost:5001/register'</msg>
<arg>${REGISTER_URL}</arg>
<doc>Navigates the current browser window to the provided ``url``.</doc>
<status status="PASS" start="2025-11-17T12:57:02.757245" elapsed="0.541478"/>
</kw>
<status status="PASS" start="2025-11-17T12:57:02.756665" elapsed="0.542403"/>
</kw>
<status status="PASS" start="2025-11-17T12:57:02.739960" elapsed="0.559286"/>
</kw>
<kw name="Set Username">
<kw name="Input Text" owner="SeleniumLibrary">
<msg time="2025-11-17T12:57:03.301192" level="INFO">Typing text 'm' into text field 'username'.</msg>
<arg>username</arg>
<arg>${username}</arg>
<doc>Types the given ``text`` into the text field identified by ``locator``.</doc>
<status status="PASS" start="2025-11-17T12:57:03.300676" elapsed="1.544193"/>
</kw>
<arg>m</arg>
<status status="PASS" start="2025-11-17T12:57:03.299894" elapsed="1.545331"/>
</kw>
<kw name="Set Password">
<kw name="Input Password" owner="SeleniumLibrary">
<msg time="2025-11-17T12:57:04.847415" level="INFO">Typing password into text field 'password'.</msg>
<msg time="2025-11-17T12:57:05.864504" level="INFO">Temporally setting log level to: NONE</msg>
<arg>password</arg>
<arg>${password}</arg>
<doc>Types the given password into the text field identified by ``locator``.</doc>
<status status="PASS" start="2025-11-17T12:57:04.846773" elapsed="1.535356"/>
</kw>
<arg>maija123</arg>
<status status="PASS" start="2025-11-17T12:57:04.845858" elapsed="1.536729"/>
</kw>
<kw name="Set Password confirmation">
<kw name="Input Password" owner="SeleniumLibrary">
<msg time="2025-11-17T12:57:06.385073" level="INFO">Typing password into text field 'password_confirmation'.</msg>
<msg time="2025-11-17T12:57:07.398325" level="INFO">Temporally setting log level to: NONE</msg>
<arg>password_confirmation</arg>
<arg>${password_confirmation}</arg>
<doc>Types the given password into the text field identified by ``locator``.</doc>
<status status="PASS" start="2025-11-17T12:57:06.384262" elapsed="1.533824"/>
</kw>
<arg>maija123</arg>
<status status="PASS" start="2025-11-17T12:57:06.383337" elapsed="1.535326"/>
</kw>
<kw name="Click Button" owner="SeleniumLibrary">
<msg time="2025-11-17T12:57:07.919869" level="INFO">Clicking button 'Register'.</msg>
<arg>Register</arg>
<doc>Clicks the button identified by ``locator``.</doc>
<status status="PASS" start="2025-11-17T12:57:07.919267" elapsed="2.077189"/>
</kw>
<kw name="Register Should Fail With Message">
<kw name="Register Page Should Be Open" owner="resource">
<kw name="Title Should Be" owner="SeleniumLibrary">
<msg time="2025-11-17T12:57:10.503302" level="INFO">Page title is 'Register'.</msg>
<arg>Register</arg>
<doc>Verifies that the current page title equals ``title``.</doc>
<status status="PASS" start="2025-11-17T12:57:09.998594" elapsed="0.505149"/>
</kw>
<status status="PASS" start="2025-11-17T12:57:09.998043" elapsed="0.506011"/>
</kw>
<kw name="Page Should Contain" owner="SeleniumLibrary">
<msg time="2025-11-17T12:57:11.519812" level="INFO">Current page contains text 'Username or password too short'.</msg>
<arg>${message}</arg>
<doc>Verifies that current page contains ``text``.</doc>
<status status="PASS" start="2025-11-17T12:57:10.504500" elapsed="1.015640"/>
</kw>
<arg>Username or password too short</arg>
<status status="PASS" start="2025-11-17T12:57:09.997228" elapsed="1.523235"/>
</kw>
<status status="PASS" start="2025-11-17T12:57:02.739187" elapsed="8.781722"/>
</test>
<test id="s1-s3-t3" name="Register With Valid Username And Too Short Password" line="23">
<kw name="Reset Application Create User And Go To Register Page" type="SETUP">
<kw name="Reset Application" owner="AppLibrary">
<status status="PASS" start="2025-11-17T12:57:11.522938" elapsed="0.006041"/>
</kw>
<kw name="Create User" owner="AppLibrary">
<arg>kalle</arg>
<arg>kalle123</arg>
<status status="PASS" start="2025-11-17T12:57:11.529374" elapsed="0.011362"/>
</kw>
<kw name="Go To Register Page" owner="resource">
<kw name="Go To" owner="SeleniumLibrary">
<msg time="2025-11-17T12:57:11.542228" level="INFO">Opening url 'http://localhost:5001/register'</msg>
<arg>${REGISTER_URL}</arg>
<doc>Navigates the current browser window to the provided ``url``.</doc>
<status status="PASS" start="2025-11-17T12:57:11.541899" elapsed="0.525938"/>
</kw>
<status status="PASS" start="2025-11-17T12:57:11.541144" elapsed="0.527126"/>
</kw>
<status status="PASS" start="2025-11-17T12:57:11.522357" elapsed="0.546604"/>
</kw>
<kw name="Set Username">
<kw name="Input Text" owner="SeleniumLibrary">
<msg time="2025-11-17T12:57:12.071264" level="INFO">Typing text 'maija' into text field 'username'.</msg>
<arg>username</arg>
<arg>${username}</arg>
<doc>Types the given ``text`` into the text field identified by ``locator``.</doc>
<status status="PASS" start="2025-11-17T12:57:12.070720" elapsed="1.535971"/>
</kw>
<arg>maija</arg>
<status status="PASS" start="2025-11-17T12:57:12.069899" elapsed="1.537244"/>
</kw>
<kw name="Set Password">
<kw name="Input Password" owner="SeleniumLibrary">
<msg time="2025-11-17T12:57:13.610564" level="INFO">Typing password into text field 'password'.</msg>
<msg time="2025-11-17T12:57:14.624907" level="INFO">Temporally setting log level to: NONE</msg>
<arg>password</arg>
<arg>${password}</arg>
<doc>Types the given password into the text field identified by ``locator``.</doc>
<status status="PASS" start="2025-11-17T12:57:13.609947" elapsed="1.529897"/>
</kw>
<arg>m</arg>
<status status="PASS" start="2025-11-17T12:57:13.608682" elapsed="1.531567"/>
</kw>
<kw name="Set Password confirmation">
<kw name="Input Password" owner="SeleniumLibrary">
<msg time="2025-11-17T12:57:15.142866" level="INFO">Typing password into text field 'password_confirmation'.</msg>
<msg time="2025-11-17T12:57:16.157167" level="INFO">Temporally setting log level to: NONE</msg>
<arg>password_confirmation</arg>
<arg>${password_confirmation}</arg>
<doc>Types the given password into the text field identified by ``locator``.</doc>
<status status="PASS" start="2025-11-17T12:57:15.142232" elapsed="1.527803"/>
</kw>
<arg>m1</arg>
<status status="PASS" start="2025-11-17T12:57:15.140950" elapsed="1.529530"/>
</kw>
<kw name="Click Button" owner="SeleniumLibrary">
<msg time="2025-11-17T12:57:16.671603" level="INFO">Clicking button 'Register'.</msg>
<arg>Register</arg>
<doc>Clicks the button identified by ``locator``.</doc>
<status status="PASS" start="2025-11-17T12:57:16.670976" elapsed="2.077290"/>
</kw>
<kw name="Register Should Fail With Message">
<kw name="Register Page Should Be Open" owner="resource">
<kw name="Title Should Be" owner="SeleniumLibrary">
<msg time="2025-11-17T12:57:19.255970" level="INFO">Page title is 'Register'.</msg>
<arg>Register</arg>
<doc>Verifies that the current page title equals ``title``.</doc>
<status status="PASS" start="2025-11-17T12:57:18.751350" elapsed="0.505334"/>
</kw>
<status status="PASS" start="2025-11-17T12:57:18.750671" elapsed="0.506583"/>
</kw>
<kw name="Page Should Contain" owner="SeleniumLibrary">
<msg time="2025-11-17T12:57:20.272231" level="INFO">Current page contains text 'Username or password too short'.</msg>
<arg>${message}</arg>
<doc>Verifies that current page contains ``text``.</doc>
<status status="PASS" start="2025-11-17T12:57:19.257689" elapsed="1.015344"/>
</kw>
<arg>Username or password too short</arg>
<status status="PASS" start="2025-11-17T12:57:18.749449" elapsed="1.523965"/>
</kw>
<status status="PASS" start="2025-11-17T12:57:11.521507" elapsed="8.752374"/>
</test>
<test id="s1-s3-t4" name="Register With Valid Username And Invalid Password" line="30">
<kw name="Reset Application Create User And Go To Register Page" type="SETUP">
<kw name="Reset Application" owner="AppLibrary">
<status status="PASS" start="2025-11-17T12:57:20.275907" elapsed="0.005483"/>
</kw>
<kw name="Create User" owner="AppLibrary">
<arg>kalle</arg>
<arg>kalle123</arg>
<status status="PASS" start="2025-11-17T12:57:20.281804" elapsed="0.009054"/>
</kw>
<kw name="Go To Register Page" owner="resource">
<kw name="Go To" owner="SeleniumLibrary">
<msg time="2025-11-17T12:57:20.292400" level="INFO">Opening url 'http://localhost:5001/register'</msg>
<arg>${REGISTER_URL}</arg>
<doc>Navigates the current browser window to the provided ``url``.</doc>
<status status="PASS" start="2025-11-17T12:57:20.292120" elapsed="0.528357"/>
</kw>
<status status="PASS" start="2025-11-17T12:57:20.291510" elapsed="0.529373"/>
</kw>
<status status="PASS" start="2025-11-17T12:57:20.275360" elapsed="0.545678"/>
</kw>
<kw name="Set Username">
<kw name="Input Text" owner="SeleniumLibrary">
<msg time="2025-11-17T12:57:20.823716" level="INFO">Typing text 'maija' into text field 'username'.</msg>
<arg>username</arg>
<arg>${username}</arg>
<doc>Types the given ``text`` into the text field identified by ``locator``.</doc>
<status status="PASS" start="2025-11-17T12:57:20.822957" elapsed="1.538575"/>
</kw>
<arg>maija</arg>
<status status="PASS" start="2025-11-17T12:57:20.821770" elapsed="1.540142"/>
</kw>
<kw name="Set Password">
<kw name="Input Password" owner="SeleniumLibrary">
<msg time="2025-11-17T12:57:22.363854" level="INFO">Typing password into text field 'password'.</msg>
<msg time="2025-11-17T12:57:23.379125" level="INFO">Temporally setting log level to: NONE</msg>
<arg>password</arg>
<arg>${password}</arg>
<doc>Types the given password into the text field identified by ``locator``.</doc>
<status status="PASS" start="2025-11-17T12:57:22.363339" elapsed="1.530509"/>
</kw>
<arg>maija</arg>
<status status="PASS" start="2025-11-17T12:57:22.362550" elapsed="1.531638"/>
</kw>
<kw name="Set Password confirmation">
<kw name="Input Password" owner="SeleniumLibrary">
<msg time="2025-11-17T12:57:23.896000" level="INFO">Typing password into text field 'password_confirmation'.</msg>
<msg time="2025-11-17T12:57:24.910490" level="INFO">Temporally setting log level to: NONE</msg>
<arg>password_confirmation</arg>
<arg>${password_confirmation}</arg>
<doc>Types the given password into the text field identified by ``locator``.</doc>
<status status="PASS" start="2025-11-17T12:57:23.895558" elapsed="1.529871"/>
</kw>
<arg>maija</arg>
<status status="PASS" start="2025-11-17T12:57:23.894862" elapsed="1.531143"/>
</kw>
<kw name="Click Button" owner="SeleniumLibrary">
<msg time="2025-11-17T12:57:25.427745" level="INFO">Clicking button 'Register'.</msg>
<arg>Register</arg>
<doc>Clicks the button identified by ``locator``.</doc>
<status status="PASS" start="2025-11-17T12:57:25.426776" elapsed="2.081095"/>
</kw>
<kw name="Register Should Fail With Message">
<kw name="Register Page Should Be Open" owner="resource">
<kw name="Title Should Be" owner="SeleniumLibrary">
<msg time="2025-11-17T12:57:28.038741" level="INFO">Page title is 'Register'.</msg>
<arg>Register</arg>
<doc>Verifies that the current page title equals ``title``.</doc>
<status status="PASS" start="2025-11-17T12:57:27.535513" elapsed="0.503572"/>
</kw>
<status status="PASS" start="2025-11-17T12:57:27.535006" elapsed="0.504479"/>
</kw>
<kw name="Page Should Contain" owner="SeleniumLibrary">
<msg time="2025-11-17T12:57:29.053872" level="INFO">Current page contains text 'Invalid password'.</msg>
<arg>${message}</arg>
<doc>Verifies that current page contains ``text``.</doc>
<status status="PASS" start="2025-11-17T12:57:28.039852" elapsed="1.014412"/>
</kw>
<arg>Invalid password</arg>
<status status="PASS" start="2025-11-17T12:57:27.509269" elapsed="1.545410"/>
</kw>
<status status="PASS" start="2025-11-17T12:57:20.274409" elapsed="8.780855"/>
</test>
<test id="s1-s3-t5" name="Register With Nonmatching Password And Password Confirmation" line="37">
<kw name="Reset Application Create User And Go To Register Page" type="SETUP">
<kw name="Reset Application" owner="AppLibrary">
<status status="PASS" start="2025-11-17T12:57:29.057891" elapsed="0.006348"/>
</kw>
<kw name="Create User" owner="AppLibrary">
<arg>kalle</arg>
<arg>kalle123</arg>
<status status="PASS" start="2025-11-17T12:57:29.064627" elapsed="0.011548"/>
</kw>
<kw name="Go To Register Page" owner="resource">
<kw name="Go To" owner="SeleniumLibrary">
<msg time="2025-11-17T12:57:29.077595" level="INFO">Opening url 'http://localhost:5001/register'</msg>
<arg>${REGISTER_URL}</arg>
<doc>Navigates the current browser window to the provided ``url``.</doc>
<status status="PASS" start="2025-11-17T12:57:29.077271" elapsed="0.528477"/>
</kw>
<status status="PASS" start="2025-11-17T12:57:29.076669" elapsed="0.529476"/>
</kw>
<status status="PASS" start="2025-11-17T12:57:29.057232" elapsed="0.549661"/>
</kw>
<kw name="Set Username">
<kw name="Input Text" owner="SeleniumLibrary">
<msg time="2025-11-17T12:57:29.609262" level="INFO">Typing text 'maija' into text field 'username'.</msg>
<arg>username</arg>
<arg>${username}</arg>
<doc>Types the given ``text`` into the text field identified by ``locator``.</doc>
<status status="PASS" start="2025-11-17T12:57:29.608644" elapsed="1.539079"/>
</kw>
<arg>maija</arg>
<status status="PASS" start="2025-11-17T12:57:29.607740" elapsed="1.540389"/>
</kw>
<kw name="Set Password">
<kw name="Input Password" owner="SeleniumLibrary">
<msg time="2025-11-17T12:57:31.150566" level="INFO">Typing password into text field 'password'.</msg>
<msg time="2025-11-17T12:57:32.165584" level="INFO">Temporally setting log level to: NONE</msg>
<arg>password</arg>
<arg>${password}</arg>
<doc>Types the given password into the text field identified by ``locator``.</doc>
<status status="PASS" start="2025-11-17T12:57:31.149883" elapsed="1.533180"/>
</kw>
<arg>maija123</arg>
<status status="PASS" start="2025-11-17T12:57:31.148895" elapsed="1.534554"/>
</kw>
<kw name="Set Password confirmation">
<kw name="Input Password" owner="SeleniumLibrary">
<msg time="2025-11-17T12:57:32.685225" level="INFO">Typing password into text field 'password_confirmation'.</msg>
<msg time="2025-11-17T12:57:33.700467" level="INFO">Temporally setting log level to: NONE</msg>
<arg>password_confirmation</arg>
<arg>${password_confirmation}</arg>
<doc>Types the given password into the text field identified by ``locator``.</doc>
<status status="PASS" start="2025-11-17T12:57:32.684743" elapsed="1.531223"/>
</kw>
<arg>maija12</arg>
<status status="PASS" start="2025-11-17T12:57:32.684002" elapsed="1.532309"/>
</kw>
<kw name="Click Button" owner="SeleniumLibrary">
<msg time="2025-11-17T12:57:34.217296" level="INFO">Clicking button 'Register'.</msg>
<arg>Register</arg>
<doc>Clicks the button identified by ``locator``.</doc>
<status status="PASS" start="2025-11-17T12:57:34.216826" elapsed="2.071142"/>
</kw>
<kw name="Register Should Fail With Message">
<kw name="Register Page Should Be Open" owner="resource">
<kw name="Title Should Be" owner="SeleniumLibrary">
<msg time="2025-11-17T12:57:36.795642" level="INFO">Page title is 'Register'.</msg>
<arg>Register</arg>
<doc>Verifies that the current page title equals ``title``.</doc>
<status status="PASS" start="2025-11-17T12:57:36.290503" elapsed="0.505469"/>
</kw>
<status status="PASS" start="2025-11-17T12:57:36.289826" elapsed="0.506412"/>
</kw>
<kw name="Page Should Contain" owner="SeleniumLibrary">
<msg time="2025-11-17T12:57:37.810360" level="INFO">Current page contains text 'Passwords do not match'.</msg>
<arg>${message}</arg>
<doc>Verifies that current page contains ``text``.</doc>
<status status="PASS" start="2025-11-17T12:57:36.796551" elapsed="1.014138"/>
</kw>
<arg>Passwords do not match</arg>
<status status="PASS" start="2025-11-17T12:57:36.288788" elapsed="1.522172"/>
</kw>
<status status="PASS" start="2025-11-17T12:57:29.056034" elapsed="8.755420"/>
</test>
<test id="s1-s3-t6" name="Register With Username That Is Already In Use" line="44">
<kw name="Reset Application Create User And Go To Register Page" type="SETUP">
<kw name="Reset Application" owner="AppLibrary">
<status status="PASS" start="2025-11-17T12:57:37.813318" elapsed="0.005919"/>
</kw>
<kw name="Create User" owner="AppLibrary">
<arg>kalle</arg>
<arg>kalle123</arg>
<status status="PASS" start="2025-11-17T12:57:37.819620" elapsed="0.012794"/>
</kw>
<kw name="Go To Register Page" owner="resource">
<kw name="Go To" owner="SeleniumLibrary">
<msg time="2025-11-17T12:57:37.833988" level="INFO">Opening url 'http://localhost:5001/register'</msg>
<arg>${REGISTER_URL}</arg>
<doc>Navigates the current browser window to the provided ``url``.</doc>
<status status="PASS" start="2025-11-17T12:57:37.833633" elapsed="0.543048"/>
</kw>
<status status="PASS" start="2025-11-17T12:57:37.832917" elapsed="0.544221"/>
</kw>
<status status="PASS" start="2025-11-17T12:57:37.812845" elapsed="0.564578"/>
</kw>
<kw name="Set Username">
<kw name="Input Text" owner="SeleniumLibrary">
<msg time="2025-11-17T12:57:38.379786" level="INFO">Typing text 'kalle' into text field 'username'.</msg>
<arg>username</arg>
<arg>${username}</arg>
<doc>Types the given ``text`` into the text field identified by ``locator``.</doc>
<status status="PASS" start="2025-11-17T12:57:38.379104" elapsed="1.538680"/>
</kw>
<arg>kalle</arg>
<status status="PASS" start="2025-11-17T12:57:38.378103" elapsed="1.540163"/>
</kw>
<kw name="Set Password">
<kw name="Input Password" owner="SeleniumLibrary">
<msg time="2025-11-17T12:57:39.920507" level="INFO">Typing password into text field 'password'.</msg>
<msg time="2025-11-17T12:57:40.935869" level="INFO">Temporally setting log level to: NONE</msg>
<arg>password</arg>
<arg>${password}</arg>
<doc>Types the given password into the text field identified by ``locator``.</doc>
<status status="PASS" start="2025-11-17T12:57:39.919956" elapsed="1.534952"/>
</kw>
<arg>kalle123</arg>
<status status="PASS" start="2025-11-17T12:57:39.919048" elapsed="1.536260"/>
</kw>
<kw name="Set Password confirmation">
<kw name="Input Password" owner="SeleniumLibrary">
<msg time="2025-11-17T12:57:41.457619" level="INFO">Typing password into text field 'password_confirmation'.</msg>
<msg time="2025-11-17T12:57:42.473523" level="INFO">Temporally setting log level to: NONE</msg>
<arg>password_confirmation</arg>
<arg>${password_confirmation}</arg>
<doc>Types the given password into the text field identified by ``locator``.</doc>
<status status="PASS" start="2025-11-17T12:57:41.456915" elapsed="1.531048"/>
</kw>
<arg>kalle123</arg>
<status status="PASS" start="2025-11-17T12:57:41.455981" elapsed="1.532335"/>
</kw>
<kw name="Click Button" owner="SeleniumLibrary">
<msg time="2025-11-17T12:57:42.989581" level="INFO">Clicking button 'Register'.</msg>
<arg>Register</arg>
<doc>Clicks the button identified by ``locator``.</doc>
<status status="PASS" start="2025-11-17T12:57:42.988939" elapsed="2.070202"/>
</kw>
<kw name="Register Should Fail With Message">
<kw name="Register Page Should Be Open" owner="resource">
<kw name="Title Should Be" owner="SeleniumLibrary">
<msg time="2025-11-17T12:57:45.565626" level="INFO">Page title is 'Register'.</msg>
<arg>Register</arg>
<doc>Verifies that the current page title equals ``title``.</doc>
<status status="PASS" start="2025-11-17T12:57:45.061454" elapsed="0.504548"/>
</kw>
<status status="PASS" start="2025-11-17T12:57:45.060933" elapsed="0.505375"/>
</kw>
<kw name="Page Should Contain" owner="SeleniumLibrary">
<msg time="2025-11-17T12:57:46.581094" level="INFO">Current page contains text 'Username already in use'.</msg>
<arg>${message}</arg>
<doc>Verifies that current page contains ``text``.</doc>
<status status="PASS" start="2025-11-17T12:57:45.566676" elapsed="1.014773"/>
</kw>
<arg>Username already in use</arg>
<status status="PASS" start="2025-11-17T12:57:45.060103" elapsed="1.521593"/>
</kw>
<status status="PASS" start="2025-11-17T12:57:37.811978" elapsed="8.770133"/>
</test>
<kw name="Close Browser" owner="SeleniumLibrary" type="TEARDOWN">
<doc>Closes the current browser.</doc>
<status status="PASS" start="2025-11-17T12:57:46.583140" elapsed="1.442594"/>
</kw>
<status status="PASS" start="2025-11-17T12:56:51.641734" elapsed="56.384241"/>
</suite>
<status status="PASS" start="2025-11-17T12:56:15.672931" elapsed="92.354229"/>
</suite>
<statistics>
<total>
<stat pass="11" fail="0" skip="0">All Tests</stat>
</total>
<tag>
</tag>
<suite>
<stat name="Tests" id="s1" pass="11" fail="0" skip="0">Tests</stat>
<stat name="Home" id="s1-s1" pass="2" fail="0" skip="0">Tests.Home</stat>
<stat name="Login" id="s1-s2" pass="3" fail="0" skip="0">Tests.Login</stat>
<stat name="Register" id="s1-s3" pass="6" fail="0" skip="0">Tests.Register</stat>
</suite>
</statistics>
<errors>
</errors>
</robot>
